-----BEGIN PRIVATE KEY-----
MIIEvAIBADANBgkqhkiG9w0BAQEFAASCBKYwggSiAgEAAoIBAQCzZgOZB7k+5nbg
EQfXmrVXUceW03Whwgm32SJWkcUpJ7PjqQlwxKHNyvP7EBh/CzdB4FWf7pM9+UKY
HO+Lqeu+Qy016dnvEr2HieRkEfcdwGCW0xOyBJQoSF0xbizpTe2fqmp2oaARJn0F
fnu0DH1ngQAtJjimSG3qLq3hbO7QRnVgKtjKZDt6CoorYDEllAfwwmgFZs6lqTDr
ohpu++/fEllGdoTt3eJQV6C4ILtjthzbCykFRQnejcSBkfH1AUn5Sb1UxcHSpSFy
i/n0JYvhGVwljQVG1CZmmAhNxe7MZA+qwYd+snb55VhD2ZobTv+koNYOZAAMIQq/
qOUctiJXAgMBAAECggEBAJ5kWJLZbeYqRxTIFJt43dktvEHfi8F492maTaYPZ/tR
MZO04D/vbEitg0LM0EQDHBOOxSrC0r/p/rEdAybVrO28lANA6Ikbi7lKtxrffcaH
3v/rdz06q7DxS07kTsTiaAYLyZnaU+Awkjuyk/fA+0vSatxyHZw64Mjd0+nvat75
jBZVwOJx4Sg7Z+p3N0FVFv+gK1QRxOfkrMNjqSmAd0Pk5au0TUPk0Q+nYShBkCwR
nRiKppgfe7TjBATqWLhktn7cizotKDrTNxV9u7dkMwrvH/l52xlRhmwdMudb2gdP
outfeQ8dX41hD89VpnYXmUXWQWybmSq7Jxykn9ZWFqECgYEA2iVipK3h2VQSv5V+
/nortWFzoHtlDSc2UO5SwLhCbK1oQyN0oftiUsGFWuO8U33Gk5ojMp+tdSHOkztW
v9WlJl6vNKVB+qCzR6QSDyaG3IIIi2Bjp4Rt4efmnEg1og9ltEouWk0wA9L9wTMl
MpxvBWPQus4F3wYbC++wKdtoxRECgYEA0odcqru5wSrT41FLYquQtJ2VgpGJV2Ai
uzcDdFw6eKrJRBs9D5dkPIIil2EBN4MJfzNy3GsvG5CBcZgj2ud0CO+8GatXS4LS
heyXxoc9R2syO3MEdOf/lP7fuLoPhGT/Mk+2XpZkyEVl8zhyFfU7ZOJlsGAmv1AK
Ixwa634nUOcCgYEAyGr+lNPYIqZWT0QXF8/ApnTxGWkk7w+unG5JAxyGknhCySQi
/MsLi4KWdWmz1XVB4swDOHhxkaLMuoIS8k5j27uz9oc59fx8mf5IRTkdQCwLk5ms
FPTbS2iWe9DvzYOd6iUZLwepbGoFjuHhc/07FtWcqHOt+zgN00qUK/CT8jECf0/E
+le2yatnjuGS6/13BF1rWDsg6ekxg/dr4OM2DvGpxJkJuRkvQ8upg3HYT525COAp
nlvmQPMwzds8ylknWdAJBjyzr1/tMdeMzfVrSMzG0UG1Uvr47N6HtD1KQpbnrcpi
abdtRMKdiQOfX5ryUI7pOZ6a0BOtQCoNfCW+pycCgYAKk1TW5L1IL5zwSz4k4/eT
8SP7UJT3XV41XBVB6R+0/hHHSrwz9IQ3eJpfw5LDyOnbxcdKUMha8cemp6PBonwK
Tz8pOB5JDJS6sjZnhykYi2t+yiP/ZGBfoI2i+ANy6jey10lI/cYj7MQhZYRGBfm5
IbSpdqVGKlKIqMeo6SU6KA==
-----END PRIVATE KEY-----
