-----BEGIN PRIVATE KEY-----
MIIEvgIBADANBgkqhkiG9w0BAQEFAASCBKgwggSkAgEAAoIBAQDXKqa0EL5i21nw
hj/KtYHZ7kZ4TqBlmQXcPt3oFkeEtbUA+/57KF4z7sPsag/WgnWYlUuMkILV/1ze
oSC3mR/Toc27C7itJ1ZAhFS6O8L2ZFotVEBry3Oijm7ArgJf1SBjA0R/KaDt9bBV
uo4Yn7I95SMMpkUDKw5UWTifAVUEEhcOMw3IPB8b8FWTeQBWm+NQHh3l/KBNtxmw
jwwW/znW5wtzPyajkv3MNJdxewK4Fb1dXsFA99XvTnSzAnwbQ49YlrhlwmnDOq31
0p9CjsZTQbglkarw8BdyxaN8bHi/+pbJVrvarun1qMyziKsLkfkHZTPTG5tuTn53
mB2G3ShhAgMBAAECggEAS+LlDJjjLOaEIAqZMRs3Au/Atum0NGD16inaBeLlsm6L
uh8mL7WbE+HgA9+cWmGErB3rmVXWbzczP+nAKkC9MtzcPF3z8k3vY63IXC57on7e
NyKB3gLRc8GcWiSE/dujIoiifd7mvUZrvLChMRoRuTa5V9rEeEuVMDaPe7TykQ5S
f/Qek2/BDVmM5j1+5Lal3s7XN40ifZg42XAp7kpwOktS/ppYRD51zGgp5pKkNGsX
LXZFOhWdWiUhIwlWN00SUZh3aaFr4RCx2GIoMAvGHlHkLaEaH0RaNjDqmCiJdrHh
ra3N59001XP6w2f1ozCINIpzfnsk0LOMuPYmSHBfgQKBgQD3VB90yONJAeFVUO3b
vTBr/PCroW/GIF14LM927mbXWAhJDgOraVG/Sv7b5ezy3Kz+JSWw9x9bTnYWlx8G
bR8B42Ku+Z7x74Pl0Hujy4I+1kTiq0r0Jga+OTyydhG/S2dBeU4PTqSAWijNB//5
h+PbAnJk3FXnHjS0j9BLvhJ6iQKBgQDetdxp17y7dsa9zxwhoPTL3ATdhNnTqBp+
1G77W83wuDO9H9F06HFgw0l3PsX2cCOphxCQVwQlILfQQGkPpTOemGovXbsqAUAQ
abKucYij0YQa4dzVqsmF8RaiHFwrHv2y1t+LR6A2aLLVQe6IUqLCrbXTfp4mezPj
mFCiBSVpGQKBgH/Dvig3KmpphTzsfKNZ/Syb0rvmvnXr/Dz7cQTwLMIroMQUcELZ
OjiGhleUVC41X0w+ZlUfo9woEQqkcIuCTVVNYIohO0GhyFIsu+ImXBcX2yf48tRi
3HLh4IAUTCC01BdXkcKIjqQbbx5TdqEx2LwnbG67/8hPq0xnSmQGQUd5AoGBAIT1
oe92ovBwStqKyUqyYzNJ2YW+iKU6GQdbIB7kgiCSeCES2+Ol2fpg3H1adqlX7ZKK
VjM2H/1ieRrVOWPjxtuKNuqsVM8RDARAdjJ7CY5zySCbc1IEsmdKta52q/f6eo/I
hJEMY/PXsdxrjlLIsu7y8jifwR9MMoBQMONpmxoRAoGBAI9B9k5rzh8E5j4iVskG
4cs+68TpbwPaKigzPIl3/wjvPiUidbOt8njEfc8KhLDvd7sD0+hSPc0W1aR0ZGJY
d6S6hKfR4BILR05djz90XpaR9zzz7UWpMNB5cqwSdxtN5vP0yP7vsC8JUoEeIwfZ
9jknZtJxCqrcutBgMhgvdb5F
-----END PRIVATE KEY-----
